Using pre-set license
Built from '2021.1/staging' branch; Version is '2021.1.14f1 (51d2f824827f) revision 5362424'; Using compiler version '192528614'; Build Type 'Release'
OS: 'Windows 10 Pro; OS build 19042.1110; Version 2009; 64bit' Language: 'ru' Physical Memory: 16332 MB
BatchMode: 1, IsHumanControllingUs: 0, StartBugReporterOnCrash: 0, Is64bit: 1, IsPro: 0

 COMMAND LINE ARGUMENTS:
D:\UnityEditors\2021.1.14f1\Editor\Unity.exe
-adb2
-batchMode
-noUpm
-name
AssetImportWorker0
-projectPath
D:/GithubRepositories/OldSchool-FPS
-logFile
Logs/AssetImportWorker0.log
-srvPort
58927
Successfully changed project path to: D:/GithubRepositories/OldSchool-FPS
D:/GithubRepositories/OldSchool-FPS
Using Asset Import Pipeline V2.
Refreshing native plugins compatible for Editor in 62.04 ms, found 2 plugins.
Preloading 0 native plugins for Editor in 0.00 ms.
Initialize engine version: 2021.1.14f1 (51d2f824827f)
[Subsystems] Discovering subsystems at path D:/UnityEditors/2021.1.14f1/Editor/Data/Resources/UnitySubsystems
[Subsystems] Discovering subsystems at path D:/GithubRepositories/OldSchool-FPS/Assets
GfxDevice: creating device client; threaded=0; jobified=0
Direct3D:
    Version:  Direct3D 11.0 [level 11.1]
    Renderer: NVIDIA GeForce GTX 1660 SUPER (ID=0x21c4)
    Vendor:   NVIDIA
    VRAM:     5991 MB
    Driver:   27.21.14.6677
Initialize mono
Mono path[0] = 'D:/UnityEditors/2021.1.14f1/Editor/Data/Managed'
Mono path[1] = 'D:/UnityEditors/2021.1.14f1/Editor/Data/MonoBleedingEdge/lib/mono/unityjit'
Mono config path = 'D:/UnityEditors/2021.1.14f1/Editor/Data/MonoBleedingEdge/etc'
Using monoOptions --debugger-agent=transport=dt_socket,embedding=1,server=y,suspend=n,address=127.0.0.1:56260
Begin MonoManager ReloadAssembly
Registering precompiled unity dll's ...
Register platform support module: D:/UnityEditors/2021.1.14f1/Editor/Data/PlaybackEngines/WindowsStandaloneSupport/UnityEditor.WindowsStandalone.Extensions.dll
Registered in 0.001250 seconds.
Native extension for WindowsStandalone target not found
Refreshing native plugins compatible for Editor in 65.64 ms, found 2 plugins.
Preloading 0 native plugins for Editor in 0.00 ms.
Mono: successfully reloaded assembly
- Completed reload, in  1.227 seconds
Domain Reload Profiling:
	ReloadAssembly (1228ms)
		BeginReloadAssembly (63ms)
			ExecutionOrderSort (0ms)
			DisableScriptedObjects (0ms)
			BackupInstance (0ms)
			ReleaseScriptingObjects (0ms)
			CreateAndSetChildDomain (1ms)
		EndReloadAssembly (505ms)
			LoadAssemblies (62ms)
			RebuildTransferFunctionScriptingTraits (0ms)
			SetupTypeCache (188ms)
			ReleaseScriptCaches (0ms)
			RebuildScriptCaches (36ms)
			SetupLoadedEditorAssemblies (229ms)
				LogAssemblyErrors (0ms)
				InitializePlatformSupportModulesInManaged (7ms)
				SetLoadedEditorAssemblies (0ms)
				RefreshPlugins (66ms)
				BeforeProcessingInitializeOnLoad (2ms)
				ProcessInitializeOnLoadAttributes (119ms)
				ProcessInitializeOnLoadMethodAttributes (35ms)
				AfterProcessingInitializeOnLoad (0ms)
				EditorAssembliesLoaded (0ms)
			ExecutionOrderSort2 (0ms)
			AwakeInstancesAfterBackupRestoration (0ms)
Platform modules already initialized, skipping
Registering precompiled user dll's ...
Registered in 0.003753 seconds.
Begin MonoManager ReloadAssembly
Native extension for WindowsStandalone target not found
Refreshing native plugins compatible for Editor in 62.52 ms, found 2 plugins.
Preloading 0 native plugins for Editor in 0.00 ms.
Mono: successfully reloaded assembly
- Completed reload, in  1.777 seconds
Domain Reload Profiling:
	ReloadAssembly (1778ms)
		BeginReloadAssembly (175ms)
			ExecutionOrderSort (0ms)
			DisableScriptedObjects (5ms)
			BackupInstance (0ms)
			ReleaseScriptingObjects (0ms)
			CreateAndSetChildDomain (24ms)
		EndReloadAssembly (1513ms)
			LoadAssemblies (409ms)
			RebuildTransferFunctionScriptingTraits (0ms)
			SetupTypeCache (368ms)
			ReleaseScriptCaches (1ms)
			RebuildScriptCaches (56ms)
			SetupLoadedEditorAssemblies (563ms)
				LogAssemblyErrors (0ms)
				InitializePlatformSupportModulesInManaged (4ms)
				SetLoadedEditorAssemblies (0ms)
				RefreshPlugins (63ms)
				BeforeProcessingInitializeOnLoad (74ms)
				ProcessInitializeOnLoadAttributes (413ms)
				ProcessInitializeOnLoadMethodAttributes (6ms)
				AfterProcessingInitializeOnLoad (3ms)
				EditorAssembliesLoaded (0ms)
			ExecutionOrderSort2 (0ms)
			AwakeInstancesAfterBackupRestoration (11ms)
Platform modules already initialized, skipping
========================================================================
Worker process is ready to serve import requests
Launched and connected shader compiler UnityShaderCompiler.exe after 0.05 seconds
Refreshing native plugins compatible for Editor in 0.86 ms, found 2 plugins.
Preloading 0 native plugins for Editor in 0.00 ms.
Unloading 3200 Unused Serialized files (Serialized files now loaded: 0)
System memory in use before: 147.6 MB.
System memory in use after: 147.8 MB.

Unloading 100 unused Assets to reduce memory usage. Loaded Objects now: 3642.
Total: 4.770700 ms (FindLiveObjects: 0.319500 ms CreateObjectMapping: 0.109400 ms MarkObjects: 4.115600 ms  DeleteObjects: 0.224600 ms)

AssetImportParameters requested are different than current active one (requested -> active):
  custom:framework-win-MediaFoundation: 216162199b28c13a410421893ffa2e32 -> 
  custom:video-decoder-ogg-theora: a1e56fd34408186e4bbccfd4996cb3dc -> 
  custom:container-muxer-webm: aa71ff27fc2769a1b78a27578f13a17b -> 
  custom:container-demuxer-webm: 4f35f7cbe854078d1ac9338744f61a02 -> 
  custom:container-demuxer-ogg: 62fdf1f143b41e24485cea50d1cbac27 -> 
  custom:video-encoder-webm-vp8: eb34c28f22e8b96e1ab97ce403110664 -> 
  custom:video-decoder-webm-vp8: 9c59270c3fd7afecdb556c50c9e8de78 -> 
  custom:audio-decoder-ogg-vorbis: bf7c407c2cedff20999df2af8eb42d56 -> 
  custom:audio-encoder-webm-vorbis: bf7c407c2cedff20999df2af8eb42d56 -> 
========================================================================
Received Import Request.
  path: Assets/Default Volume Profile.asset
  artifactKey: Guid(abef92304b37e91469fc219f244e0f61) Importer(815301076,1909f56bfc062723c751e8b465ee728b)
Start importing Assets/Default Volume Profile.asset using Guid(abef92304b37e91469fc219f244e0f61) Importer(815301076,1909f56bfc062723c751e8b465ee728b)  -> (artifact id: 'ee5be2eaffda372549f2893aa902e58e') in 0.049613 seconds 
========================================================================
Received Import Request.
  Time since last request: 8.398402 seconds.
  path: Assets/Scripts/Audio
  artifactKey: Guid(a9672103054feb94e9bd5b2f80e09752) Importer(815301076,1909f56bfc062723c751e8b465ee728b)
Start importing Assets/Scripts/Audio using Guid(a9672103054feb94e9bd5b2f80e09752) Importer(815301076,1909f56bfc062723c751e8b465ee728b)  -> (artifact id: 'd12f88f4effa28a09b79e436605ad917') in 0.006959 seconds 
========================================================================
Received Import Request.
  Time since last request: 0.635287 seconds.
  path: Assets/Scripts/Audio/AudioManager.cs
  artifactKey: Guid(298f039b18305a54d9ae4d6a789d143f) Importer(815301076,1909f56bfc062723c751e8b465ee728b)
Start importing Assets/Scripts/Audio/AudioManager.cs using Guid(298f039b18305a54d9ae4d6a789d143f) Importer(815301076,1909f56bfc062723c751e8b465ee728b)  -> (artifact id: '0a34c6142bdf90a8f07b9d412c60aa69') in 0.009352 seconds 
========================================================================
Received Import Request.
  Time since last request: 88.186942 seconds.
  path: Assets/Scripts/Common
  artifactKey: Guid(e939ec5bb446cac4f873eb438c089c0f) Importer(815301076,1909f56bfc062723c751e8b465ee728b)
Start importing Assets/Scripts/Common using Guid(e939ec5bb446cac4f873eb438c089c0f) Importer(815301076,1909f56bfc062723c751e8b465ee728b)  -> (artifact id: '1bdd6cf02d0ba019870cd5ea1719ad97') in 0.007099 seconds 
========================================================================
Received Import Request.
  Time since last request: 0.840891 seconds.
  path: Assets/Scripts/Common/GenericPool.cs
  artifactKey: Guid(ea14e7021bc2cfd4e89b700660fd4e48) Importer(815301076,1909f56bfc062723c751e8b465ee728b)
Start importing Assets/Scripts/Common/GenericPool.cs using Guid(ea14e7021bc2cfd4e89b700660fd4e48) Importer(815301076,1909f56bfc062723c751e8b465ee728b)  -> (artifact id: '06fa64278713b3ea9f634197c81c051c') in 0.012103 seconds 
========================================================================
Received Import Request.
  Time since last request: 1.174775 seconds.
  path: Assets/Scripts/Common/IDamagable.cs
  artifactKey: Guid(c96b2ff69f081714ba3a422272f34c35) Importer(815301076,1909f56bfc062723c751e8b465ee728b)
Start importing Assets/Scripts/Common/IDamagable.cs using Guid(c96b2ff69f081714ba3a422272f34c35) Importer(815301076,1909f56bfc062723c751e8b465ee728b)  -> (artifact id: 'b37b17537d026c7c6ccabc71f0b43032') in 0.006520 seconds 
========================================================================
Received Import Request.
  Time since last request: 2.067645 seconds.
  path: Assets/Scripts/Levels
  artifactKey: Guid(0691e4f54d74bea4da26093dec47c3f7) Importer(815301076,1909f56bfc062723c751e8b465ee728b)
Start importing Assets/Scripts/Levels using Guid(0691e4f54d74bea4da26093dec47c3f7) Importer(815301076,1909f56bfc062723c751e8b465ee728b)  -> (artifact id: '0d2200dc4dc626da37369ccbe1eae823') in 0.006449 seconds 
========================================================================
Received Import Request.
  Time since last request: 0.517848 seconds.
  path: Assets/Scripts/Levels/MovingObject.cs
  artifactKey: Guid(d6f92adad097ec24898f94d3aa81bf2d) Importer(815301076,1909f56bfc062723c751e8b465ee728b)
Start importing Assets/Scripts/Levels/MovingObject.cs using Guid(d6f92adad097ec24898f94d3aa81bf2d) Importer(815301076,1909f56bfc062723c751e8b465ee728b)  -> (artifact id: '76309f01d163d8f39a657e1448c57067') in 0.006230 seconds 
========================================================================
Received Import Request.
  Time since last request: 0.555377 seconds.
  path: Assets/Scripts/Levels/SecretTrigger.cs
  artifactKey: Guid(015b2c16ec7bf3149b494edbf8711361) Importer(815301076,1909f56bfc062723c751e8b465ee728b)
Start importing Assets/Scripts/Levels/SecretTrigger.cs using Guid(015b2c16ec7bf3149b494edbf8711361) Importer(815301076,1909f56bfc062723c751e8b465ee728b)  -> (artifact id: '5aa32d0794a285976afa91455e1afef8') in 0.007146 seconds 
========================================================================
Received Import Request.
  Time since last request: 0.420310 seconds.
  path: Assets/Scripts/Levels/Interactable.cs
  artifactKey: Guid(2bd8f19eb43e650489cd127add80a1ab) Importer(815301076,1909f56bfc062723c751e8b465ee728b)
Start importing Assets/Scripts/Levels/Interactable.cs using Guid(2bd8f19eb43e650489cd127add80a1ab) Importer(815301076,1909f56bfc062723c751e8b465ee728b)  -> (artifact id: '32cb01c129f3808b5791c6e80a97419f') in 0.006702 seconds 
========================================================================
Received Import Request.
  Time since last request: 0.340161 seconds.
  path: Assets/Scripts/Levels/Destructable.cs
  artifactKey: Guid(54ccdd687fa15234e833ec02305d66bb) Importer(815301076,1909f56bfc062723c751e8b465ee728b)
Start importing Assets/Scripts/Levels/Destructable.cs using Guid(54ccdd687fa15234e833ec02305d66bb) Importer(815301076,1909f56bfc062723c751e8b465ee728b)  -> (artifact id: '0dc41bd2d0a160ee63d671ae42cbf436') in 0.006337 seconds 
========================================================================
Received Import Request.
  Time since last request: 2.048099 seconds.
  path: Assets/Scripts/PickUps
  artifactKey: Guid(9632f015b5803b14791462d9f4f9c4cc) Importer(815301076,1909f56bfc062723c751e8b465ee728b)
Start importing Assets/Scripts/PickUps using Guid(9632f015b5803b14791462d9f4f9c4cc) Importer(815301076,1909f56bfc062723c751e8b465ee728b)  -> (artifact id: '38ec5d6a3f2cbcc4bd5d756b317dcdd9') in 0.006399 seconds 
========================================================================
Received Import Request.
  Time since last request: 0.547864 seconds.
  path: Assets/Scripts/PickUps/KeyPickup.cs
  artifactKey: Guid(d9896d6f4362a3a4b900a5c7006ca0cc) Importer(815301076,1909f56bfc062723c751e8b465ee728b)
Start importing Assets/Scripts/PickUps/KeyPickup.cs using Guid(d9896d6f4362a3a4b900a5c7006ca0cc) Importer(815301076,1909f56bfc062723c751e8b465ee728b)  -> (artifact id: '54647752b2d38d1f6197941eceb8aed4') in 0.006873 seconds 
========================================================================
Received Import Request.
  Time since last request: 1.292445 seconds.
  path: Assets/Scripts/PickUps/WeaponPickUp.cs
  artifactKey: Guid(8334dbecd4c030743a2a77d6f4423f62) Importer(815301076,1909f56bfc062723c751e8b465ee728b)
Start importing Assets/Scripts/PickUps/WeaponPickUp.cs using Guid(8334dbecd4c030743a2a77d6f4423f62) Importer(815301076,1909f56bfc062723c751e8b465ee728b)  -> (artifact id: 'aeaafa3445365fb38ae02c443b2ac259') in 0.020749 seconds 
========================================================================
Received Import Request.
  Time since last request: 0.556926 seconds.
  path: Assets/Scripts/PickUps/Pickup.cs
  artifactKey: Guid(3d21347846e292345b36000a299c643e) Importer(815301076,1909f56bfc062723c751e8b465ee728b)
Start importing Assets/Scripts/PickUps/Pickup.cs using Guid(3d21347846e292345b36000a299c643e) Importer(815301076,1909f56bfc062723c751e8b465ee728b)  -> (artifact id: '669d054c58efbd0bf4d4586f04b3fcb7') in 0.006411 seconds 
========================================================================
Received Import Request.
  Time since last request: 3.956368 seconds.
  path: Assets/Scripts/PickUps/HealthPickup.cs
  artifactKey: Guid(69d2e8afb60c34c4fb90f3267d69be30) Importer(815301076,1909f56bfc062723c751e8b465ee728b)
Start importing Assets/Scripts/PickUps/HealthPickup.cs using Guid(69d2e8afb60c34c4fb90f3267d69be30) Importer(815301076,1909f56bfc062723c751e8b465ee728b)  -> (artifact id: '6a0570af3d917893c01e972b2a7b97f0') in 0.005837 seconds 
========================================================================
Received Import Request.
  Time since last request: 0.505513 seconds.
  path: Assets/Scripts/PickUps/AmmoPickup.cs
  artifactKey: Guid(8875af140b2bb1f479b04ace5123f331) Importer(815301076,1909f56bfc062723c751e8b465ee728b)
Start importing Assets/Scripts/PickUps/AmmoPickup.cs using Guid(8875af140b2bb1f479b04ace5123f331) Importer(815301076,1909f56bfc062723c751e8b465ee728b)  -> (artifact id: '3f4e945fd0254665212585de13567cc4') in 0.006070 seconds 
========================================================================
Received Import Request.
  Time since last request: 3.084196 seconds.
  path: Assets/Scripts/Post Proccessing
  artifactKey: Guid(d4e11802aedf9cf4aa08bb0414db82db) Importer(815301076,1909f56bfc062723c751e8b465ee728b)
Start importing Assets/Scripts/Post Proccessing using Guid(d4e11802aedf9cf4aa08bb0414db82db) Importer(815301076,1909f56bfc062723c751e8b465ee728b)  -> (artifact id: 'b2a509aca34eba0529b60dc96afa137d') in 0.007864 seconds 
========================================================================
Received Import Request.
  Time since last request: 0.917588 seconds.
  path: Assets/Scripts/Post Proccessing/PostProcessingController.cs
  artifactKey: Guid(d0df4ee58f498e0448e05a2d367e5fbe) Importer(815301076,1909f56bfc062723c751e8b465ee728b)
Start importing Assets/Scripts/Post Proccessing/PostProcessingController.cs using Guid(d0df4ee58f498e0448e05a2d367e5fbe) Importer(815301076,1909f56bfc062723c751e8b465ee728b)  -> (artifact id: '4d5d66c03569cd9d86c952e6239e2580') in 0.005984 seconds 
AssetImportWorkerClient::OnTransportError - code=2 error=End of file
