Using pre-set license
Built from '2021.1/staging' branch; Version is '2021.1.14f1 (51d2f824827f) revision 5362424'; Using compiler version '192528614'; Build Type 'Release'
OS: 'Windows 10 Pro; OS build 19042.1110; Version 2009; 64bit' Language: 'ru' Physical Memory: 16332 MB
BatchMode: 1, IsHumanControllingUs: 0, StartBugReporterOnCrash: 0, Is64bit: 1, IsPro: 0

 COMMAND LINE ARGUMENTS:
D:\UnityEditors\2021.1.14f1\Editor\Unity.exe
-adb2
-batchMode
-noUpm
-name
AssetImportWorker0
-projectPath
D:/GithubRepositories/OldSchool-FPS
-logFile
Logs/AssetImportWorker0.log
-srvPort
57795
Successfully changed project path to: D:/GithubRepositories/OldSchool-FPS
D:/GithubRepositories/OldSchool-FPS
Using Asset Import Pipeline V2.
Refreshing native plugins compatible for Editor in 62.20 ms, found 2 plugins.
Preloading 0 native plugins for Editor in 0.00 ms.
Initialize engine version: 2021.1.14f1 (51d2f824827f)
[Subsystems] Discovering subsystems at path D:/UnityEditors/2021.1.14f1/Editor/Data/Resources/UnitySubsystems
[Subsystems] Discovering subsystems at path D:/GithubRepositories/OldSchool-FPS/Assets
GfxDevice: creating device client; threaded=0; jobified=0
Direct3D:
    Version:  Direct3D 11.0 [level 11.1]
    Renderer: NVIDIA GeForce GTX 1660 SUPER (ID=0x21c4)
    Vendor:   NVIDIA
    VRAM:     5991 MB
    Driver:   27.21.14.6677
Initialize mono
Mono path[0] = 'D:/UnityEditors/2021.1.14f1/Editor/Data/Managed'
Mono path[1] = 'D:/UnityEditors/2021.1.14f1/Editor/Data/MonoBleedingEdge/lib/mono/unityjit'
Mono config path = 'D:/UnityEditors/2021.1.14f1/Editor/Data/MonoBleedingEdge/etc'
Using monoOptions --debugger-agent=transport=dt_socket,embedding=1,server=y,suspend=n,address=127.0.0.1:56868
Begin MonoManager ReloadAssembly
Registering precompiled unity dll's ...
Register platform support module: D:/UnityEditors/2021.1.14f1/Editor/Data/PlaybackEngines/WindowsStandaloneSupport/UnityEditor.WindowsStandalone.Extensions.dll
Registered in 0.001136 seconds.
Native extension for WindowsStandalone target not found
Refreshing native plugins compatible for Editor in 58.71 ms, found 2 plugins.
Preloading 0 native plugins for Editor in 0.00 ms.
Mono: successfully reloaded assembly
- Completed reload, in  1.086 seconds
Domain Reload Profiling:
	ReloadAssembly (1086ms)
		BeginReloadAssembly (52ms)
			ExecutionOrderSort (0ms)
			DisableScriptedObjects (0ms)
			BackupInstance (0ms)
			ReleaseScriptingObjects (0ms)
			CreateAndSetChildDomain (1ms)
		EndReloadAssembly (465ms)
			LoadAssemblies (51ms)
			RebuildTransferFunctionScriptingTraits (0ms)
			SetupTypeCache (183ms)
			ReleaseScriptCaches (0ms)
			RebuildScriptCaches (31ms)
			SetupLoadedEditorAssemblies (203ms)
				LogAssemblyErrors (0ms)
				InitializePlatformSupportModulesInManaged (6ms)
				SetLoadedEditorAssemblies (0ms)
				RefreshPlugins (59ms)
				BeforeProcessingInitializeOnLoad (1ms)
				ProcessInitializeOnLoadAttributes (103ms)
				ProcessInitializeOnLoadMethodAttributes (32ms)
				AfterProcessingInitializeOnLoad (0ms)
				EditorAssembliesLoaded (0ms)
			ExecutionOrderSort2 (0ms)
			AwakeInstancesAfterBackupRestoration (0ms)
Platform modules already initialized, skipping
Registering precompiled user dll's ...
Registered in 0.002908 seconds.
Begin MonoManager ReloadAssembly
Native extension for WindowsStandalone target not found
Refreshing native plugins compatible for Editor in 60.24 ms, found 2 plugins.
Preloading 0 native plugins for Editor in 0.00 ms.
Mono: successfully reloaded assembly
- Completed reload, in  1.359 seconds
Domain Reload Profiling:
	ReloadAssembly (1360ms)
		BeginReloadAssembly (161ms)
			ExecutionOrderSort (0ms)
			DisableScriptedObjects (5ms)
			BackupInstance (0ms)
			ReleaseScriptingObjects (0ms)
			CreateAndSetChildDomain (22ms)
		EndReloadAssembly (1139ms)
			LoadAssemblies (94ms)
			RebuildTransferFunctionScriptingTraits (0ms)
			SetupTypeCache (353ms)
			ReleaseScriptCaches (1ms)
			RebuildScriptCaches (63ms)
			SetupLoadedEditorAssemblies (525ms)
				LogAssemblyErrors (0ms)
				InitializePlatformSupportModulesInManaged (4ms)
				SetLoadedEditorAssemblies (0ms)
				RefreshPlugins (60ms)
				BeforeProcessingInitializeOnLoad (71ms)
				ProcessInitializeOnLoadAttributes (381ms)
				ProcessInitializeOnLoadMethodAttributes (6ms)
				AfterProcessingInitializeOnLoad (3ms)
				EditorAssembliesLoaded (0ms)
			ExecutionOrderSort2 (0ms)
			AwakeInstancesAfterBackupRestoration (7ms)
Platform modules already initialized, skipping
========================================================================
Worker process is ready to serve import requests
Launched and connected shader compiler UnityShaderCompiler.exe after 0.05 seconds
Refreshing native plugins compatible for Editor in 0.56 ms, found 2 plugins.
Preloading 0 native plugins for Editor in 0.00 ms.
Unloading 3200 Unused Serialized files (Serialized files now loaded: 0)
System memory in use before: 147.6 MB.
System memory in use after: 147.8 MB.

Unloading 100 unused Assets to reduce memory usage. Loaded Objects now: 3642.
Total: 3.223300 ms (FindLiveObjects: 0.267300 ms CreateObjectMapping: 0.081900 ms MarkObjects: 2.681800 ms  DeleteObjects: 0.191000 ms)

AssetImportParameters requested are different than current active one (requested -> active):
  custom:framework-win-MediaFoundation: 216162199b28c13a410421893ffa2e32 -> 
  custom:video-decoder-ogg-theora: a1e56fd34408186e4bbccfd4996cb3dc -> 
  custom:container-muxer-webm: aa71ff27fc2769a1b78a27578f13a17b -> 
  custom:container-demuxer-webm: 4f35f7cbe854078d1ac9338744f61a02 -> 
  custom:container-demuxer-ogg: 62fdf1f143b41e24485cea50d1cbac27 -> 
  custom:video-encoder-webm-vp8: eb34c28f22e8b96e1ab97ce403110664 -> 
  custom:video-decoder-webm-vp8: 9c59270c3fd7afecdb556c50c9e8de78 -> 
  custom:audio-decoder-ogg-vorbis: bf7c407c2cedff20999df2af8eb42d56 -> 
  custom:audio-encoder-webm-vorbis: bf7c407c2cedff20999df2af8eb42d56 -> 
========================================================================
Received Import Request.
  path: Assets/Models/Weapons/Rocket Launcher.blend
  artifactKey: Guid(db5a58398880c244a8f9200378d25173) Importer(815301076,1909f56bfc062723c751e8b465ee728b)
Start importing Assets/Models/Weapons/Rocket Launcher.blend using Guid(db5a58398880c244a8f9200378d25173) Importer(815301076,1909f56bfc062723c751e8b465ee728b)  -> (artifact id: '450878d83c9a10a891748c4afc426239') in 0.961313 seconds 
========================================================================
Received Import Request.
  Time since last request: 0.000199 seconds.
  path: Assets/Presets/AudioStreaming.preset
  artifactKey: Guid(86bcce7f5575b54408aa0f3a7d321039) Importer(815301076,1909f56bfc062723c751e8b465ee728b)
Start importing Assets/Presets/AudioStreaming.preset using Guid(86bcce7f5575b54408aa0f3a7d321039) Importer(815301076,1909f56bfc062723c751e8b465ee728b)  -> (artifact id: '3fd64b4b8f6783da8d1e546ffa643e31') in 0.018531 seconds 
========================================================================
Received Import Request.
  Time since last request: 0.000179 seconds.
  path: Assets/Models/Weapons/Laser.blend
  artifactKey: Guid(cf4c6e33c14fe7d4181f913268119574) Importer(815301076,1909f56bfc062723c751e8b465ee728b)
Start importing Assets/Models/Weapons/Laser.blend using Guid(cf4c6e33c14fe7d4181f913268119574) Importer(815301076,1909f56bfc062723c751e8b465ee728b)  -> (artifact id: '7cb9ea4b1f51aea352fbe06cc9ad7309') in 0.331942 seconds 
========================================================================
Received Import Request.
  Time since last request: 0.000175 seconds.
  path: Assets/Presets/AudioCompressedInMemory.preset
  artifactKey: Guid(2dd802e4d37c65149922028d3e973832) Importer(815301076,1909f56bfc062723c751e8b465ee728b)
Start importing Assets/Presets/AudioCompressedInMemory.preset using Guid(2dd802e4d37c65149922028d3e973832) Importer(815301076,1909f56bfc062723c751e8b465ee728b)  -> (artifact id: '70939c7466a0a575c20e055aeedbc52e') in 0.006372 seconds 
========================================================================
Received Import Request.
  Time since last request: 0.000256 seconds.
  path: Assets/Models/Weapons/M4_Complete.fbx
  artifactKey: Guid(f72ee67f773a5f24296250820da2dca1) Importer(815301076,1909f56bfc062723c751e8b465ee728b)
Start importing Assets/Models/Weapons/M4_Complete.fbx using Guid(f72ee67f773a5f24296250820da2dca1) Importer(815301076,1909f56bfc062723c751e8b465ee728b)  -> (artifact id: '5a585e5b2b76381e0e2c6347ef8751f2') in 0.111087 seconds 
========================================================================
Received Import Request.
  Time since last request: 0.000178 seconds.
  path: Assets/Models/Weapons/ptrs.blend
  artifactKey: Guid(4a2791cc718f6964ea4ffc02739186a6) Importer(815301076,1909f56bfc062723c751e8b465ee728b)
Start importing Assets/Models/Weapons/ptrs.blend using Guid(4a2791cc718f6964ea4ffc02739186a6) Importer(815301076,1909f56bfc062723c751e8b465ee728b)  -> (artifact id: 'e8a4cfb898824651f8776bb57ac5ab6c') in 0.077411 seconds 
========================================================================
Received Import Request.
  Time since last request: 0.000174 seconds.
  path: Assets/Presets/NormalTexture.preset
  artifactKey: Guid(14a57cf3b9fa1c74b884aa7e0dcf1faa) Importer(815301076,1909f56bfc062723c751e8b465ee728b)
Start importing Assets/Presets/NormalTexture.preset using Guid(14a57cf3b9fa1c74b884aa7e0dcf1faa) Importer(815301076,1909f56bfc062723c751e8b465ee728b)  -> (artifact id: '40747317e559f3c780b6860700ee67e8') in 0.008240 seconds 
========================================================================
Received Import Request.
  Time since last request: 0.000194 seconds.
  path: Assets/Presets/UtilityTexture.preset
  artifactKey: Guid(45f7b2e3c78185248b3adbb14429c2ab) Importer(815301076,1909f56bfc062723c751e8b465ee728b)
Start importing Assets/Presets/UtilityTexture.preset using Guid(45f7b2e3c78185248b3adbb14429c2ab) Importer(815301076,1909f56bfc062723c751e8b465ee728b)  -> (artifact id: '7cbe1556233b94a6599c9bce7ba035f0') in 0.007733 seconds 
========================================================================
Received Import Request.
  Time since last request: 0.000187 seconds.
  path: Assets/Models/Weapons/shotgun.blend
  artifactKey: Guid(6d78d03d7ecba9c478aeb96ebdc9532c) Importer(815301076,1909f56bfc062723c751e8b465ee728b)
Start importing Assets/Models/Weapons/shotgun.blend using Guid(6d78d03d7ecba9c478aeb96ebdc9532c) Importer(815301076,1909f56bfc062723c751e8b465ee728b)  -> (artifact id: '145a9c440138a029a72f596fe9826897') in 0.042219 seconds 
========================================================================
Received Import Request.
  Time since last request: 0.000170 seconds.
  path: Assets/Models/Weapons
  artifactKey: Guid(ebbf481ac80ce1f41b6fba98a0725dc5) Importer(815301076,1909f56bfc062723c751e8b465ee728b)
Start importing Assets/Models/Weapons using Guid(ebbf481ac80ce1f41b6fba98a0725dc5) Importer(815301076,1909f56bfc062723c751e8b465ee728b)  -> (artifact id: 'b6f10392f06e08f4614ce209a615a306') in 0.005467 seconds 
========================================================================
Received Import Request.
  Time since last request: 0.000209 seconds.
  path: Assets/Models/Weapons/Pistol.blend
  artifactKey: Guid(4ddf962a84fb26b48af7127ab8b3c661) Importer(815301076,1909f56bfc062723c751e8b465ee728b)
Start importing Assets/Models/Weapons/Pistol.blend using Guid(4ddf962a84fb26b48af7127ab8b3c661) Importer(815301076,1909f56bfc062723c751e8b465ee728b)  -> (artifact id: '75acbe421abc7858c7d3cf166df39a3f') in 0.060601 seconds 
========================================================================
Received Import Request.
  Time since last request: 2.519808 seconds.
  path: Assets/Models/PickUps
  artifactKey: Guid(38ff2359a2ceeb14982e38a3012cb06b) Importer(815301076,1909f56bfc062723c751e8b465ee728b)
Start importing Assets/Models/PickUps using Guid(38ff2359a2ceeb14982e38a3012cb06b) Importer(815301076,1909f56bfc062723c751e8b465ee728b)  -> (artifact id: '3e383faee6b95180d72741ace18d81ad') in 0.001809 seconds 
========================================================================
Received Import Request.
  Time since last request: 0.074832 seconds.
  path: Assets/Models/PickUps/Ammocartridge.fbx
  artifactKey: Guid(3fa87ab874ce71b4a9cd47d9cac1c965) Importer(815301076,1909f56bfc062723c751e8b465ee728b)
Start importing Assets/Models/PickUps/Ammocartridge.fbx using Guid(3fa87ab874ce71b4a9cd47d9cac1c965) Importer(815301076,1909f56bfc062723c751e8b465ee728b)  -> (artifact id: '2f282d1f7a08fd3c3825784de143e166') in 0.021339 seconds 
========================================================================
Received Import Request.
  Time since last request: 0.000219 seconds.
  path: Assets/Models/PickUps/PistolAmmo.fbx
  artifactKey: Guid(0375626e979b6fb4d8c4c8a4f1591d61) Importer(815301076,1909f56bfc062723c751e8b465ee728b)
Start importing Assets/Models/PickUps/PistolAmmo.fbx using Guid(0375626e979b6fb4d8c4c8a4f1591d61) Importer(815301076,1909f56bfc062723c751e8b465ee728b)  -> (artifact id: '594b8fcb049cbfe9dc900f39137fc3b4') in 0.016668 seconds 
========================================================================
Received Import Request.
  Time since last request: 0.000169 seconds.
  path: Assets/Models/PickUps/Battery.blend
  artifactKey: Guid(f11741d87bd38284288327d050f21e22) Importer(815301076,1909f56bfc062723c751e8b465ee728b)
Start importing Assets/Models/PickUps/Battery.blend using Guid(f11741d87bd38284288327d050f21e22) Importer(815301076,1909f56bfc062723c751e8b465ee728b)  -> (artifact id: '5482e565f1d2164b552a8088c4a9d8f3') in 0.014507 seconds 
========================================================================
Received Import Request.
  Time since last request: 0.000142 seconds.
  path: Assets/Models/PickUps/RifleAmmo.fbx
  artifactKey: Guid(afa19338e501ec04f971315a771a390d) Importer(815301076,1909f56bfc062723c751e8b465ee728b)
Start importing Assets/Models/PickUps/RifleAmmo.fbx using Guid(afa19338e501ec04f971315a771a390d) Importer(815301076,1909f56bfc062723c751e8b465ee728b)  -> (artifact id: 'fb16a4dfd1741faa8a529d3f6a78ab25') in 0.014039 seconds 
========================================================================
Received Import Request.
  Time since last request: 0.000224 seconds.
  path: Assets/Models/PickUps/shotgun_shell.fbx
  artifactKey: Guid(7f173160224b9aa4c8faadfc521e14b3) Importer(815301076,1909f56bfc062723c751e8b465ee728b)
Start importing Assets/Models/PickUps/shotgun_shell.fbx using Guid(7f173160224b9aa4c8faadfc521e14b3) Importer(815301076,1909f56bfc062723c751e8b465ee728b)  -> (artifact id: '2b9f3492245cba06c7698e1e9a44c765') in 0.023720 seconds 
========================================================================
Received Import Request.
  Time since last request: 6.327358 seconds.
  path: Assets/Materials/Ammocartridge.mat
  artifactKey: Guid(b1d8568ebb965ea40964095d2611a094) Importer(815301076,1909f56bfc062723c751e8b465ee728b)
Start importing Assets/Materials/Ammocartridge.mat using Guid(b1d8568ebb965ea40964095d2611a094) Importer(815301076,1909f56bfc062723c751e8b465ee728b)  -> (artifact id: '72681d0673c8ef0dad10d960e2d1f9bf') in 0.011117 seconds 
========================================================================
Received Import Request.
  Time since last request: 0.000152 seconds.
  path: Assets/Materials/Player.mat
  artifactKey: Guid(5f3c15721642eec4aaf76b99022ddae7) Importer(815301076,1909f56bfc062723c751e8b465ee728b)
Start importing Assets/Materials/Player.mat using Guid(5f3c15721642eec4aaf76b99022ddae7) Importer(815301076,1909f56bfc062723c751e8b465ee728b)  -> (artifact id: 'f617dacb7c1e80bd1f4fe13355aafa93') in 0.011038 seconds 
========================================================================
Received Import Request.
  Time since last request: 0.000203 seconds.
  path: Assets/Materials/Explosion.mat
  artifactKey: Guid(1d15334ec6559474daf22fa216d6ddf1) Importer(815301076,1909f56bfc062723c751e8b465ee728b)
Start importing Assets/Materials/Explosion.mat using Guid(1d15334ec6559474daf22fa216d6ddf1) Importer(815301076,1909f56bfc062723c751e8b465ee728b)  -> (artifact id: '902b70b19130fba684c94974f5e8e533') in 0.247516 seconds 
========================================================================
Received Import Request.
  Time since last request: 0.000188 seconds.
  path: Assets/Materials/PistolAmmo.mat
  artifactKey: Guid(5c379bcf5dc4f4a48a48eaaeb2f8b73f) Importer(815301076,1909f56bfc062723c751e8b465ee728b)
Start importing Assets/Materials/PistolAmmo.mat using Guid(5c379bcf5dc4f4a48a48eaaeb2f8b73f) Importer(815301076,1909f56bfc062723c751e8b465ee728b)  -> (artifact id: '5a997fcbbe874a8cfd3fc26108a84691') in 0.011726 seconds 
========================================================================
Received Import Request.
  Time since last request: 0.000184 seconds.
  path: Assets/Materials/LaserShot.mat
  artifactKey: Guid(21bb89022cc7fd74baace0e1a09f4735) Importer(815301076,1909f56bfc062723c751e8b465ee728b)
Start importing Assets/Materials/LaserShot.mat using Guid(21bb89022cc7fd74baace0e1a09f4735) Importer(815301076,1909f56bfc062723c751e8b465ee728b)  -> (artifact id: '09c257b757fd17b75d1c57b433ab6ef4') in 0.010858 seconds 
========================================================================
Received Import Request.
  Time since last request: 0.000190 seconds.
  path: Assets/Materials/YellowKey.mat
  artifactKey: Guid(df593339980ec2d4b80339c97747d5c6) Importer(815301076,1909f56bfc062723c751e8b465ee728b)
Start importing Assets/Materials/YellowKey.mat using Guid(df593339980ec2d4b80339c97747d5c6) Importer(815301076,1909f56bfc062723c751e8b465ee728b)  -> (artifact id: 'f350221f6c3991615838204ca9a8fcd4') in 0.011094 seconds 
========================================================================
Received Import Request.
  Time since last request: 0.000200 seconds.
  path: Assets/Materials/Blood.mat
  artifactKey: Guid(345cd4c19b5c8c44e8e9ad74475e57ab) Importer(815301076,1909f56bfc062723c751e8b465ee728b)
Start importing Assets/Materials/Blood.mat using Guid(345cd4c19b5c8c44e8e9ad74475e57ab) Importer(815301076,1909f56bfc062723c751e8b465ee728b)  -> (artifact id: '0bb491a2f3e8b43642b600daec64c637') in 0.011416 seconds 
========================================================================
Received Import Request.
  Time since last request: 0.000171 seconds.
  path: Assets/Materials/Battery.mat
  artifactKey: Guid(11bf26f30b6059947ba4354c426cabc6) Importer(815301076,1909f56bfc062723c751e8b465ee728b)
Start importing Assets/Materials/Battery.mat using Guid(11bf26f30b6059947ba4354c426cabc6) Importer(815301076,1909f56bfc062723c751e8b465ee728b)  -> (artifact id: '8b0c2caface06a705c270bf05f68a55d') in 0.011226 seconds 
========================================================================
Received Import Request.
  Time since last request: 0.000206 seconds.
  path: Assets/Materials/RocketFire.mat
  artifactKey: Guid(8457dda8802061548b1591b13b395ffd) Importer(815301076,1909f56bfc062723c751e8b465ee728b)
Start importing Assets/Materials/RocketFire.mat using Guid(8457dda8802061548b1591b13b395ffd) Importer(815301076,1909f56bfc062723c751e8b465ee728b)  -> (artifact id: '058e613c89728672cdda6b0c02676e3e') in 0.011065 seconds 
========================================================================
Received Import Request.
  Time since last request: 0.000201 seconds.
  path: Assets/Materials/Skybox_Mat.mat
  artifactKey: Guid(0ffaa0b7117ba8c47a9d05ae701d4b4d) Importer(815301076,1909f56bfc062723c751e8b465ee728b)
Start importing Assets/Materials/Skybox_Mat.mat using Guid(0ffaa0b7117ba8c47a9d05ae701d4b4d) Importer(815301076,1909f56bfc062723c751e8b465ee728b)  -> (artifact id: 'f1e587b2d9f39b4a8da249a6a8f56a44') in 0.090782 seconds 
========================================================================
Received Import Request.
  Time since last request: 0.000300 seconds.
  path: Assets/Materials/New Material.mat
  artifactKey: Guid(952cb6c60f1e48448ba47625f6eaa521) Importer(815301076,1909f56bfc062723c751e8b465ee728b)
Start importing Assets/Materials/New Material.mat using Guid(952cb6c60f1e48448ba47625f6eaa521) Importer(815301076,1909f56bfc062723c751e8b465ee728b)  -> (artifact id: '764c3e77aa86988509ad34fe4ad1f2e6') in 0.011845 seconds 
========================================================================
Received Import Request.
  Time since last request: 0.000206 seconds.
  path: Assets/Materials/Laser.mat
  artifactKey: Guid(bd6f14c0efea2fb4bbcefd665c47ac60) Importer(815301076,1909f56bfc062723c751e8b465ee728b)
Start importing Assets/Materials/Laser.mat using Guid(bd6f14c0efea2fb4bbcefd665c47ac60) Importer(815301076,1909f56bfc062723c751e8b465ee728b)  -> (artifact id: 'e68a3287f5468f89ef4d896001661921') in 0.010868 seconds 
========================================================================
Received Import Request.
  Time since last request: 0.000192 seconds.
  path: Assets/Materials/RifleAmmo.mat
  artifactKey: Guid(59516714e418cc044ab5b3758c756c80) Importer(815301076,1909f56bfc062723c751e8b465ee728b)
Start importing Assets/Materials/RifleAmmo.mat using Guid(59516714e418cc044ab5b3758c756c80) Importer(815301076,1909f56bfc062723c751e8b465ee728b)  -> (artifact id: '3c3486f6ae45bcb394f41f3862b3cae3') in 0.010606 seconds 
========================================================================
Received Import Request.
  Time since last request: 0.000183 seconds.
  path: Assets/Materials/RedKEy.mat
  artifactKey: Guid(ddc0e69cee4e1e64ba3defc6f9fbc2f0) Importer(815301076,1909f56bfc062723c751e8b465ee728b)
Start importing Assets/Materials/RedKEy.mat using Guid(ddc0e69cee4e1e64ba3defc6f9fbc2f0) Importer(815301076,1909f56bfc062723c751e8b465ee728b)  -> (artifact id: '7d0f9a7b816f79264a5b97b1a94bdff5') in 0.011508 seconds 
========================================================================
Received Import Request.
  Time since last request: 0.000188 seconds.
  path: Assets/Materials/BlueKey.mat
  artifactKey: Guid(afb5980d4f9085248af62d1d3df1c826) Importer(815301076,1909f56bfc062723c751e8b465ee728b)
Start importing Assets/Materials/BlueKey.mat using Guid(afb5980d4f9085248af62d1d3df1c826) Importer(815301076,1909f56bfc062723c751e8b465ee728b)  -> (artifact id: '09838d1dc6baea5f73b7ccdf820678e6') in 0.010834 seconds 
========================================================================
Received Import Request.
  Time since last request: 0.000163 seconds.
  path: Assets/Materials/GunShot.mat
  artifactKey: Guid(fffa29f7432b3ab40a9babdac928282d) Importer(815301076,1909f56bfc062723c751e8b465ee728b)
Start importing Assets/Materials/GunShot.mat using Guid(fffa29f7432b3ab40a9babdac928282d) Importer(815301076,1909f56bfc062723c751e8b465ee728b)  -> (artifact id: '2eda717a0c5aa5a45e886e694e8426c6') in 0.013007 seconds 
========================================================================
Received Import Request.
  Time since last request: 0.000168 seconds.
  path: Assets/Materials/shotgun_shell.mat
  artifactKey: Guid(1e8f131bedc8989479af3348479791fd) Importer(815301076,1909f56bfc062723c751e8b465ee728b)
Start importing Assets/Materials/shotgun_shell.mat using Guid(1e8f131bedc8989479af3348479791fd) Importer(815301076,1909f56bfc062723c751e8b465ee728b)  -> (artifact id: 'f3f0540fa11e22b7a86a6e7188136dad') in 0.012920 seconds 
========================================================================
Received Import Request.
  Time since last request: 0.000146 seconds.
  path: Assets/Materials/HitEnvironment.mat
  artifactKey: Guid(3128e6a38f3e46b488f72afd4db742df) Importer(815301076,1909f56bfc062723c751e8b465ee728b)
Start importing Assets/Materials/HitEnvironment.mat using Guid(3128e6a38f3e46b488f72afd4db742df) Importer(815301076,1909f56bfc062723c751e8b465ee728b)  -> (artifact id: '68e5cd7905b1376b533e07a2e2fd8ae0') in 0.010897 seconds 
========================================================================
Received Import Request.
  Time since last request: 0.000177 seconds.
  path: Assets/Materials/ShotgunShot.mat
  artifactKey: Guid(1e3945b11b9efbf4296d71353e1cfd12) Importer(815301076,1909f56bfc062723c751e8b465ee728b)
Start importing Assets/Materials/ShotgunShot.mat using Guid(1e3945b11b9efbf4296d71353e1cfd12) Importer(815301076,1909f56bfc062723c751e8b465ee728b)  -> (artifact id: '5c5cef2086913ed70c72465bde26c957') in 0.238994 seconds 
========================================================================
Received Import Request.
  Time since last request: 6.207106 seconds.
  path: Assets/Art/BlueKey.png
  artifactKey: Guid(eeb698ade1325c045b72f724d561a178) Importer(815301076,1909f56bfc062723c751e8b465ee728b)
Start importing Assets/Art/BlueKey.png using Guid(eeb698ade1325c045b72f724d561a178) Importer(815301076,1909f56bfc062723c751e8b465ee728b)  -> (artifact id: '02a4238d49331ce770fe5638adfcd19a') in 0.033590 seconds 
========================================================================
Received Import Request.
  Time since last request: 0.000147 seconds.
  path: Assets/Art/RocketLauncher.png
  artifactKey: Guid(ac912c0893f689043bfe9e524fcfd4e9) Importer(815301076,1909f56bfc062723c751e8b465ee728b)
Start importing Assets/Art/RocketLauncher.png using Guid(ac912c0893f689043bfe9e524fcfd4e9) Importer(815301076,1909f56bfc062723c751e8b465ee728b)  -> (artifact id: '82b37c3df122c4d122a063448b654352') in 0.018148 seconds 
========================================================================
Received Import Request.
  Time since last request: 0.000166 seconds.
  path: Assets/Art/shotgun.png
  artifactKey: Guid(2c6dcaa85c65084408690aa5a7388ccc) Importer(815301076,1909f56bfc062723c751e8b465ee728b)
Start importing Assets/Art/shotgun.png using Guid(2c6dcaa85c65084408690aa5a7388ccc) Importer(815301076,1909f56bfc062723c751e8b465ee728b)  -> (artifact id: 'ff620c16739ef8821cd22ed8b3e7972e') in 0.021240 seconds 
========================================================================
Received Import Request.
  Time since last request: 0.000177 seconds.
  path: Assets/Art/Rifle.png
  artifactKey: Guid(f4efb47654eef5a4787885e34e938a14) Importer(815301076,1909f56bfc062723c751e8b465ee728b)
Start importing Assets/Art/Rifle.png using Guid(f4efb47654eef5a4787885e34e938a14) Importer(815301076,1909f56bfc062723c751e8b465ee728b)  -> (artifact id: '36aed3e72d84d05db49bf589df32e101') in 0.013964 seconds 
========================================================================
Received Import Request.
  Time since last request: 0.000180 seconds.
  path: Assets/Art/RedKey.png
  artifactKey: Guid(caa60b208f87a3540a3e806e034bbfbe) Importer(815301076,1909f56bfc062723c751e8b465ee728b)
Start importing Assets/Art/RedKey.png using Guid(caa60b208f87a3540a3e806e034bbfbe) Importer(815301076,1909f56bfc062723c751e8b465ee728b)  -> (artifact id: 'cdc0368313846abeb657c3c218d871fa') in 0.014555 seconds 
========================================================================
Received Import Request.
  Time since last request: 0.000165 seconds.
  path: Assets/Art/pistol.png
  artifactKey: Guid(de965d4fbb51697429ba9a847c1fbaef) Importer(815301076,1909f56bfc062723c751e8b465ee728b)
Start importing Assets/Art/pistol.png using Guid(de965d4fbb51697429ba9a847c1fbaef) Importer(815301076,1909f56bfc062723c751e8b465ee728b)  -> (artifact id: '41d0251c4c596b0bd69a84a10953e0ca') in 0.015106 seconds 
========================================================================
Received Import Request.
  Time since last request: 0.000164 seconds.
  path: Assets/Art/Crosshair 1.png
  artifactKey: Guid(18c99796c346e6342a3e31fbcc0c753d) Importer(815301076,1909f56bfc062723c751e8b465ee728b)
Start importing Assets/Art/Crosshair 1.png using Guid(18c99796c346e6342a3e31fbcc0c753d) Importer(815301076,1909f56bfc062723c751e8b465ee728b)  -> (artifact id: 'f6c762b36479c51fa2d29b6d7f77d957') in 0.017351 seconds 
========================================================================
Received Import Request.
  Time since last request: 0.000152 seconds.
  path: Assets/Art/Laser.png
  artifactKey: Guid(636a6cbebfc954442ba697d3cc1fab23) Importer(815301076,1909f56bfc062723c751e8b465ee728b)
Start importing Assets/Art/Laser.png using Guid(636a6cbebfc954442ba697d3cc1fab23) Importer(815301076,1909f56bfc062723c751e8b465ee728b)  -> (artifact id: 'e68634714a79e4e1a4315de2ce5ea810') in 0.013642 seconds 
========================================================================
Received Import Request.
  Time since last request: 0.000154 seconds.
  path: Assets/Art/YellowKey.png
  artifactKey: Guid(495aeb34e9c17f949ba3238c6cd3e312) Importer(815301076,1909f56bfc062723c751e8b465ee728b)
Start importing Assets/Art/YellowKey.png using Guid(495aeb34e9c17f949ba3238c6cd3e312) Importer(815301076,1909f56bfc062723c751e8b465ee728b)  -> (artifact id: '470c36cc51e319570e1ae3ecca9ed42b') in 0.010851 seconds 
========================================================================
Received Import Request.
  Time since last request: 0.000183 seconds.
  path: Assets/Art/Sniper.png
  artifactKey: Guid(fcf1f5b621a098c4e8d94496dcb53cfb) Importer(815301076,1909f56bfc062723c751e8b465ee728b)
Start importing Assets/Art/Sniper.png using Guid(fcf1f5b621a098c4e8d94496dcb53cfb) Importer(815301076,1909f56bfc062723c751e8b465ee728b)  -> (artifact id: '80f9359d5154b7ae8aebd90e3bc5e436') in 0.012576 seconds 
========================================================================
Received Import Request.
  Time since last request: 2.236802 seconds.
  path: Assets/Textures/AmmoCartridgeSniper.png
  artifactKey: Guid(1530e3eb09acaa04da7b2d1cfe117b6c) Importer(815301076,1909f56bfc062723c751e8b465ee728b)
Start importing Assets/Textures/AmmoCartridgeSniper.png using Guid(1530e3eb09acaa04da7b2d1cfe117b6c) Importer(815301076,1909f56bfc062723c751e8b465ee728b)  -> (artifact id: '7a30cccaca636133ec5c819a969202fd') in 0.009101 seconds 
========================================================================
Received Import Request.
  Time since last request: 0.000177 seconds.
  path: Assets/Textures/RifleAmmo.png
  artifactKey: Guid(7fbc2ce892fbb7b4f82581d8e05674b1) Importer(815301076,1909f56bfc062723c751e8b465ee728b)
Start importing Assets/Textures/RifleAmmo.png using Guid(7fbc2ce892fbb7b4f82581d8e05674b1) Importer(815301076,1909f56bfc062723c751e8b465ee728b)  -> (artifact id: '172a3f8a765a41b384c32f49666fe6e3') in 0.008760 seconds 
========================================================================
Received Import Request.
  Time since last request: 0.000228 seconds.
  path: Assets/Textures/PistolAmmo.png
  artifactKey: Guid(651671e7cfd75dd44b7d81329e2333a8) Importer(815301076,1909f56bfc062723c751e8b465ee728b)
Start importing Assets/Textures/PistolAmmo.png using Guid(651671e7cfd75dd44b7d81329e2333a8) Importer(815301076,1909f56bfc062723c751e8b465ee728b)  -> (artifact id: 'd210026cfa2b89de0b5503bf17e33631') in 0.008524 seconds 
========================================================================
Received Import Request.
  Time since last request: 0.000187 seconds.
  path: Assets/Textures/Battery.png
  artifactKey: Guid(3f488127c1f4c2f4dbb2ec210d90916b) Importer(815301076,1909f56bfc062723c751e8b465ee728b)
Start importing Assets/Textures/Battery.png using Guid(3f488127c1f4c2f4dbb2ec210d90916b) Importer(815301076,1909f56bfc062723c751e8b465ee728b)  -> (artifact id: '7bb6f48d5fc5bc2a9b1550f63a35f447') in 0.008715 seconds 
========================================================================
Received Import Request.
  Time since last request: 0.000161 seconds.
  path: Assets/Textures/shotgun_shell.png
  artifactKey: Guid(3feb886a88b913c4e973640ce490c855) Importer(815301076,1909f56bfc062723c751e8b465ee728b)
Start importing Assets/Textures/shotgun_shell.png using Guid(3feb886a88b913c4e973640ce490c855) Importer(815301076,1909f56bfc062723c751e8b465ee728b)  -> (artifact id: '29a5cba9e2e845f45c070d1a64126492') in 0.008153 seconds 
========================================================================
Received Import Request.
  Time since last request: 13.353366 seconds.
  path: Assets/Art/BlueKey.png
  artifactKey: Guid(eeb698ade1325c045b72f724d561a178) Importer(815301076,1909f56bfc062723c751e8b465ee728b)
Start importing Assets/Art/BlueKey.png using Guid(eeb698ade1325c045b72f724d561a178) Importer(815301076,1909f56bfc062723c751e8b465ee728b)  -> (artifact id: '1079cf6ac41c768a46273fe76b73b3fc') in 0.011431 seconds 
========================================================================
Received Import Request.
  Time since last request: 0.002890 seconds.
  path: Assets/Art/Crosshair 1.png
  artifactKey: Guid(18c99796c346e6342a3e31fbcc0c753d) Importer(815301076,1909f56bfc062723c751e8b465ee728b)
Start importing Assets/Art/Crosshair 1.png using Guid(18c99796c346e6342a3e31fbcc0c753d) Importer(815301076,1909f56bfc062723c751e8b465ee728b)  -> (artifact id: 'd9773528d2b7132d46b5df7f6cfe3839') in 0.012488 seconds 
========================================================================
Received Import Request.
  Time since last request: 0.000167 seconds.
  path: Assets/Art/RocketLauncher.png
  artifactKey: Guid(ac912c0893f689043bfe9e524fcfd4e9) Importer(815301076,1909f56bfc062723c751e8b465ee728b)
Start importing Assets/Art/RocketLauncher.png using Guid(ac912c0893f689043bfe9e524fcfd4e9) Importer(815301076,1909f56bfc062723c751e8b465ee728b)  -> (artifact id: 'db60341dd4ec00e43517a30f72a5e211') in 0.017629 seconds 
========================================================================
Received Import Request.
  Time since last request: 0.000376 seconds.
  path: Assets/Art/shotgun.png
  artifactKey: Guid(2c6dcaa85c65084408690aa5a7388ccc) Importer(815301076,1909f56bfc062723c751e8b465ee728b)
Start importing Assets/Art/shotgun.png using Guid(2c6dcaa85c65084408690aa5a7388ccc) Importer(815301076,1909f56bfc062723c751e8b465ee728b)  -> (artifact id: 'cda59b90232e3dc85f1959a4cdff258a') in 0.012020 seconds 
========================================================================
Received Import Request.
  Time since last request: 0.000189 seconds.
  path: Assets/Art/Rifle.png
  artifactKey: Guid(f4efb47654eef5a4787885e34e938a14) Importer(815301076,1909f56bfc062723c751e8b465ee728b)
Start importing Assets/Art/Rifle.png using Guid(f4efb47654eef5a4787885e34e938a14) Importer(815301076,1909f56bfc062723c751e8b465ee728b)  -> (artifact id: '9dbfaf77a2685cc16334bfa1f0065b12') in 0.013146 seconds 
========================================================================
Received Import Request.
  Time since last request: 0.000176 seconds.
  path: Assets/Art/RedKey.png
  artifactKey: Guid(caa60b208f87a3540a3e806e034bbfbe) Importer(815301076,1909f56bfc062723c751e8b465ee728b)
Start importing Assets/Art/RedKey.png using Guid(caa60b208f87a3540a3e806e034bbfbe) Importer(815301076,1909f56bfc062723c751e8b465ee728b)  -> (artifact id: 'db67064e243c70de97564624ef00b81e') in 0.010463 seconds 
========================================================================
Received Import Request.
  Time since last request: 0.000173 seconds.
  path: Assets/Art/pistol.png
  artifactKey: Guid(de965d4fbb51697429ba9a847c1fbaef) Importer(815301076,1909f56bfc062723c751e8b465ee728b)
Start importing Assets/Art/pistol.png using Guid(de965d4fbb51697429ba9a847c1fbaef) Importer(815301076,1909f56bfc062723c751e8b465ee728b)  -> (artifact id: '8f3d411b812bac4fbb937a7e5c6a5b63') in 0.017641 seconds 
========================================================================
Received Import Request.
  Time since last request: 0.000165 seconds.
  path: Assets/Art/Sniper.png
  artifactKey: Guid(fcf1f5b621a098c4e8d94496dcb53cfb) Importer(815301076,1909f56bfc062723c751e8b465ee728b)
Start importing Assets/Art/Sniper.png using Guid(fcf1f5b621a098c4e8d94496dcb53cfb) Importer(815301076,1909f56bfc062723c751e8b465ee728b)  -> (artifact id: 'f6c8542dbf05f7f890260627bc71f80a') in 0.012843 seconds 
========================================================================
Received Import Request.
  Time since last request: 0.000177 seconds.
  path: Assets/Art/Laser.png
  artifactKey: Guid(636a6cbebfc954442ba697d3cc1fab23) Importer(815301076,1909f56bfc062723c751e8b465ee728b)
Start importing Assets/Art/Laser.png using Guid(636a6cbebfc954442ba697d3cc1fab23) Importer(815301076,1909f56bfc062723c751e8b465ee728b)  -> (artifact id: '290dba6b9a672064b4e34d099822140b') in 0.012057 seconds 
========================================================================
Received Import Request.
  Time since last request: 0.000180 seconds.
  path: Assets/Art/YellowKey.png
  artifactKey: Guid(495aeb34e9c17f949ba3238c6cd3e312) Importer(815301076,1909f56bfc062723c751e8b465ee728b)
Start importing Assets/Art/YellowKey.png using Guid(495aeb34e9c17f949ba3238c6cd3e312) Importer(815301076,1909f56bfc062723c751e8b465ee728b)  -> (artifact id: 'fff55d807fe34da0e8a430cee90a24af') in 0.010460 seconds 
========================================================================
Received Import Request.
  Time since last request: 6.741856 seconds.
  path: Assets/Audio/dsplpain.wav
  artifactKey: Guid(9232f578a4b6feb41869e4ddfaefa91a) Importer(815301076,1909f56bfc062723c751e8b465ee728b)
Start importing Assets/Audio/dsplpain.wav using Guid(9232f578a4b6feb41869e4ddfaefa91a) Importer(815301076,1909f56bfc062723c751e8b465ee728b)  -> (artifact id: '944759f9085fad2342ac89dcaf6c79c3') in 0.021858 seconds 
========================================================================
Received Import Request.
  Time since last request: 0.000159 seconds.
  path: Assets/Audio/Pistol.mp3
  artifactKey: Guid(39d6d6b34d6976246beb005207d9e873) Importer(815301076,1909f56bfc062723c751e8b465ee728b)
Start importing Assets/Audio/Pistol.mp3 using Guid(39d6d6b34d6976246beb005207d9e873) Importer(815301076,1909f56bfc062723c751e8b465ee728b)  -> (artifact id: '1d9589777a621b4710b68d65171eb5d5') in 0.010478 seconds 
========================================================================
Received Import Request.
  Time since last request: 0.000184 seconds.
  path: Assets/Audio/explosion.mp3
  artifactKey: Guid(d236a9464e1c40d449a92b52d099ccc3) Importer(815301076,1909f56bfc062723c751e8b465ee728b)
Start importing Assets/Audio/explosion.mp3 using Guid(d236a9464e1c40d449a92b52d099ccc3) Importer(815301076,1909f56bfc062723c751e8b465ee728b)  -> (artifact id: '7197517dead1d264e2d500247752d245') in 0.011841 seconds 
========================================================================
Received Import Request.
  Time since last request: 0.000186 seconds.
  path: Assets/Audio/WeaponPickup.wav
  artifactKey: Guid(f0620028268248f418d3c890409c11c6) Importer(815301076,1909f56bfc062723c751e8b465ee728b)
Start importing Assets/Audio/WeaponPickup.wav using Guid(f0620028268248f418d3c890409c11c6) Importer(815301076,1909f56bfc062723c751e8b465ee728b)  -> (artifact id: 'b38565c792a0c4fd7c0433aba4b86da7') in 0.010727 seconds 
========================================================================
Received Import Request.
  Time since last request: 0.000167 seconds.
  path: Assets/Audio/Shotgun.wav
  artifactKey: Guid(1b80bbac5ab01a24c88c6a93a4cd458a) Importer(815301076,1909f56bfc062723c751e8b465ee728b)
Start importing Assets/Audio/Shotgun.wav using Guid(1b80bbac5ab01a24c88c6a93a4cd458a) Importer(815301076,1909f56bfc062723c751e8b465ee728b)  -> (artifact id: '396fc2c8549ff21caff334bd7aed81c6') in 0.011283 seconds 
========================================================================
Received Import Request.
  Time since last request: 0.000183 seconds.
  path: Assets/Audio/RocketLauncherShot.mp3
  artifactKey: Guid(3bf27fff2c9f69a4894dfba91c67e184) Importer(815301076,1909f56bfc062723c751e8b465ee728b)
Start importing Assets/Audio/RocketLauncherShot.mp3 using Guid(3bf27fff2c9f69a4894dfba91c67e184) Importer(815301076,1909f56bfc062723c751e8b465ee728b)  -> (artifact id: '228ba1214cbb2845ba58db9d581016de') in 0.011947 seconds 
========================================================================
Received Import Request.
  Time since last request: 28.240565 seconds.
  path: Assets/Textures/Battery.png
  artifactKey: Guid(3f488127c1f4c2f4dbb2ec210d90916b) Importer(815301076,1909f56bfc062723c751e8b465ee728b)
Start importing Assets/Textures/Battery.png using Guid(3f488127c1f4c2f4dbb2ec210d90916b) Importer(815301076,1909f56bfc062723c751e8b465ee728b)  -> (artifact id: '571c95ec5c2c158d4a9c8631e59256cd') in 0.009774 seconds 
========================================================================
Received Import Request.
  Time since last request: 0.827967 seconds.
  path: Assets/Textures/RocketLauncher
  artifactKey: Guid(d18d3940171fe504b85b01179b77532b) Importer(815301076,1909f56bfc062723c751e8b465ee728b)
Start importing Assets/Textures/RocketLauncher using Guid(d18d3940171fe504b85b01179b77532b) Importer(815301076,1909f56bfc062723c751e8b465ee728b)  -> (artifact id: '0216e6b09bb05c448e84f7d516f05855') in 0.001619 seconds 
========================================================================
Received Import Request.
  Time since last request: 0.037301 seconds.
  path: Assets/Textures/RocketLauncher/launcher_ao.png
  artifactKey: Guid(8b98b9a29bbfa05448bb063dbc71b827) Importer(815301076,1909f56bfc062723c751e8b465ee728b)
Start importing Assets/Textures/RocketLauncher/launcher_ao.png using Guid(8b98b9a29bbfa05448bb063dbc71b827) Importer(815301076,1909f56bfc062723c751e8b465ee728b)  -> (artifact id: 'faf3476bad118174ff897cc10aa2d727') in 0.028605 seconds 
========================================================================
Received Import Request.
  Time since last request: 0.000204 seconds.
  path: Assets/Textures/RocketLauncher/launcher_metal-launcher_rough@channels=B.png
  artifactKey: Guid(9253c41a189b40340adec97b924adcbf) Importer(815301076,1909f56bfc062723c751e8b465ee728b)
Start importing Assets/Textures/RocketLauncher/launcher_metal-launcher_rough@channels=B.png using Guid(9253c41a189b40340adec97b924adcbf) Importer(815301076,1909f56bfc062723c751e8b465ee728b)  -> (artifact id: '861ffc5344139e6a0d0ec83d8abc5206') in 0.021592 seconds 
========================================================================
Received Import Request.
  Time since last request: 0.000148 seconds.
  path: Assets/Textures/RocketLauncher/launcher_metal-launcher_rough@channels=G.png
  artifactKey: Guid(2133b6171e40ae74882e12a864d518d7) Importer(815301076,1909f56bfc062723c751e8b465ee728b)
Start importing Assets/Textures/RocketLauncher/launcher_metal-launcher_rough@channels=G.png using Guid(2133b6171e40ae74882e12a864d518d7) Importer(815301076,1909f56bfc062723c751e8b465ee728b)  -> (artifact id: '0bfc711ea65cabe80acfab4575658b17') in 0.017656 seconds 
========================================================================
Received Import Request.
  Time since last request: 0.000149 seconds.
  path: Assets/Textures/RocketLauncher/launcher_normal.png
  artifactKey: Guid(4d08d7db64a12744db4dff1bf8ac7c6e) Importer(815301076,1909f56bfc062723c751e8b465ee728b)
Start importing Assets/Textures/RocketLauncher/launcher_normal.png using Guid(4d08d7db64a12744db4dff1bf8ac7c6e) Importer(815301076,1909f56bfc062723c751e8b465ee728b)  -> (artifact id: '5e62f4ab17b7660399a705117af312a3') in 0.042928 seconds 
========================================================================
Received Import Request.
  Time since last request: 0.000157 seconds.
  path: Assets/Textures/RocketLauncher/launcher_color-launcher_sight_trans.png
  artifactKey: Guid(5e7dc667b4cbb9e44a0e3f82ed6fde02) Importer(815301076,1909f56bfc062723c751e8b465ee728b)
Start importing Assets/Textures/RocketLauncher/launcher_color-launcher_sight_trans.png using Guid(5e7dc667b4cbb9e44a0e3f82ed6fde02) Importer(815301076,1909f56bfc062723c751e8b465ee728b)  -> (artifact id: 'e11e4f2a3e4e0b3cca313b7e1ac5a330') in 0.036138 seconds 
========================================================================
Received Import Request.
  Time since last request: 0.000167 seconds.
  path: Assets/Textures/RocketLauncher/rocket_ao.png
  artifactKey: Guid(7f025c7d0d78a234c9463a72d872f4ed) Importer(815301076,1909f56bfc062723c751e8b465ee728b)
Start importing Assets/Textures/RocketLauncher/rocket_ao.png using Guid(7f025c7d0d78a234c9463a72d872f4ed) Importer(815301076,1909f56bfc062723c751e8b465ee728b)  -> (artifact id: 'd1120be214ce28c170f473b647f452e0') in 0.012509 seconds 
========================================================================
Received Import Request.
  Time since last request: 0.000152 seconds.
  path: Assets/Textures/RocketLauncher/rocket_metal-rocket_rough@channels=G.png
  artifactKey: Guid(cab67a85e8a43c34bb7bc796dee1ecaf) Importer(815301076,1909f56bfc062723c751e8b465ee728b)
Start importing Assets/Textures/RocketLauncher/rocket_metal-rocket_rough@channels=G.png using Guid(cab67a85e8a43c34bb7bc796dee1ecaf) Importer(815301076,1909f56bfc062723c751e8b465ee728b)  -> (artifact id: '6b8d854438692e77b01cf7955a8c1d49') in 0.011643 seconds 
========================================================================
Received Import Request.
  Time since last request: 0.000179 seconds.
  path: Assets/Textures/RocketLauncher/launcher_color.png
  artifactKey: Guid(f1ffe49320f946c4a8691fbc419a62c0) Importer(815301076,1909f56bfc062723c751e8b465ee728b)
Start importing Assets/Textures/RocketLauncher/launcher_color.png using Guid(f1ffe49320f946c4a8691fbc419a62c0) Importer(815301076,1909f56bfc062723c751e8b465ee728b)  -> (artifact id: 'ef84b16abc8155f0780d57d1f4cad808') in 0.022827 seconds 
========================================================================
Received Import Request.
  Time since last request: 0.000180 seconds.
  path: Assets/Textures/RocketLauncher/rocket_normal.png
  artifactKey: Guid(4734a1f1a023c5541af6e2ef2259106d) Importer(815301076,1909f56bfc062723c751e8b465ee728b)
Start importing Assets/Textures/RocketLauncher/rocket_normal.png using Guid(4734a1f1a023c5541af6e2ef2259106d) Importer(815301076,1909f56bfc062723c751e8b465ee728b)  -> (artifact id: '3334a80465c4311fd0def0c4b5008638') in 0.012916 seconds 
========================================================================
Received Import Request.
  Time since last request: 0.000172 seconds.
  path: Assets/Textures/RocketLauncher/rocket_metal-rocket_rough@channels=B.png
  artifactKey: Guid(426752774e1d75e44a9af3780fc8d49e) Importer(815301076,1909f56bfc062723c751e8b465ee728b)
Start importing Assets/Textures/RocketLauncher/rocket_metal-rocket_rough@channels=B.png using Guid(426752774e1d75e44a9af3780fc8d49e) Importer(815301076,1909f56bfc062723c751e8b465ee728b)  -> (artifact id: 'c3635866f182fe7ece6766270be615fe') in 0.010259 seconds 
========================================================================
Received Import Request.
  Time since last request: 0.000255 seconds.
  path: Assets/Textures/RocketLauncher/rocket_color.png
  artifactKey: Guid(a0bc6dcde48d29946a2443fe0179f6cc) Importer(815301076,1909f56bfc062723c751e8b465ee728b)
Start importing Assets/Textures/RocketLauncher/rocket_color.png using Guid(a0bc6dcde48d29946a2443fe0179f6cc) Importer(815301076,1909f56bfc062723c751e8b465ee728b)  -> (artifact id: '39005e162b97ea00ee0bd6185578470d') in 0.013045 seconds 
========================================================================
Received Import Request.
  Time since last request: 12.972433 seconds.
  path: Assets/Textures/RocketLauncher/launcher_ao.png
  artifactKey: Guid(8b98b9a29bbfa05448bb063dbc71b827) Importer(815301076,1909f56bfc062723c751e8b465ee728b)
Start importing Assets/Textures/RocketLauncher/launcher_ao.png using Guid(8b98b9a29bbfa05448bb063dbc71b827) Importer(815301076,1909f56bfc062723c751e8b465ee728b)  -> (artifact id: 'a050548bdefd0107b528e65d115f8ea8') in 0.010469 seconds 
========================================================================
Received Import Request.
  Time since last request: 0.004492 seconds.
  path: Assets/Textures/RocketLauncher/launcher_color-launcher_sight_trans.png
  artifactKey: Guid(5e7dc667b4cbb9e44a0e3f82ed6fde02) Importer(815301076,1909f56bfc062723c751e8b465ee728b)
Start importing Assets/Textures/RocketLauncher/launcher_color-launcher_sight_trans.png using Guid(5e7dc667b4cbb9e44a0e3f82ed6fde02) Importer(815301076,1909f56bfc062723c751e8b465ee728b)  -> (artifact id: 'dc56383e1c0c765faa5961e191f9054e') in 0.009597 seconds 
========================================================================
Received Import Request.
  Time since last request: 0.000170 seconds.
  path: Assets/Textures/RocketLauncher/launcher_metal-launcher_rough@channels=B.png
  artifactKey: Guid(9253c41a189b40340adec97b924adcbf) Importer(815301076,1909f56bfc062723c751e8b465ee728b)
Start importing Assets/Textures/RocketLauncher/launcher_metal-launcher_rough@channels=B.png using Guid(9253c41a189b40340adec97b924adcbf) Importer(815301076,1909f56bfc062723c751e8b465ee728b)  -> (artifact id: '7968f832ef48c587dc24a6b7bb2181a6') in 0.013271 seconds 
========================================================================
Received Import Request.
  Time since last request: 0.000181 seconds.
  path: Assets/Textures/RocketLauncher/launcher_metal-launcher_rough@channels=G.png
  artifactKey: Guid(2133b6171e40ae74882e12a864d518d7) Importer(815301076,1909f56bfc062723c751e8b465ee728b)
Start importing Assets/Textures/RocketLauncher/launcher_metal-launcher_rough@channels=G.png using Guid(2133b6171e40ae74882e12a864d518d7) Importer(815301076,1909f56bfc062723c751e8b465ee728b)  -> (artifact id: 'b3f502306cb58d6ea0a1de89e96f5997') in 0.017017 seconds 
========================================================================
Received Import Request.
  Time since last request: 0.000175 seconds.
  path: Assets/Textures/RocketLauncher/launcher_normal.png
  artifactKey: Guid(4d08d7db64a12744db4dff1bf8ac7c6e) Importer(815301076,1909f56bfc062723c751e8b465ee728b)
Start importing Assets/Textures/RocketLauncher/launcher_normal.png using Guid(4d08d7db64a12744db4dff1bf8ac7c6e) Importer(815301076,1909f56bfc062723c751e8b465ee728b)  -> (artifact id: 'e4fd65a2c0c77ff729ff0e4c058fcc6d') in 0.013416 seconds 
========================================================================
Received Import Request.
  Time since last request: 0.000228 seconds.
  path: Assets/Textures/RocketLauncher/rocket_ao.png
  artifactKey: Guid(7f025c7d0d78a234c9463a72d872f4ed) Importer(815301076,1909f56bfc062723c751e8b465ee728b)
Start importing Assets/Textures/RocketLauncher/rocket_ao.png using Guid(7f025c7d0d78a234c9463a72d872f4ed) Importer(815301076,1909f56bfc062723c751e8b465ee728b)  -> (artifact id: 'd95a58799abd835392ce2230fe7a687c') in 0.014303 seconds 
========================================================================
Received Import Request.
  Time since last request: 0.000189 seconds.
  path: Assets/Textures/RocketLauncher/rocket_metal-rocket_rough@channels=G.png
  artifactKey: Guid(cab67a85e8a43c34bb7bc796dee1ecaf) Importer(815301076,1909f56bfc062723c751e8b465ee728b)
Start importing Assets/Textures/RocketLauncher/rocket_metal-rocket_rough@channels=G.png using Guid(cab67a85e8a43c34bb7bc796dee1ecaf) Importer(815301076,1909f56bfc062723c751e8b465ee728b)  -> (artifact id: 'ec7e8f87e796102a576349c1b67be40f') in 0.011725 seconds 
========================================================================
Received Import Request.
  Time since last request: 0.000188 seconds.
  path: Assets/Textures/RocketLauncher/launcher_color.png
  artifactKey: Guid(f1ffe49320f946c4a8691fbc419a62c0) Importer(815301076,1909f56bfc062723c751e8b465ee728b)
Start importing Assets/Textures/RocketLauncher/launcher_color.png using Guid(f1ffe49320f946c4a8691fbc419a62c0) Importer(815301076,1909f56bfc062723c751e8b465ee728b)  -> (artifact id: '6efa6ec37fa32e81e922cd8969c03997') in 0.013611 seconds 
========================================================================
Received Import Request.
  Time since last request: 0.000187 seconds.
  path: Assets/Textures/RocketLauncher/rocket_normal.png
  artifactKey: Guid(4734a1f1a023c5541af6e2ef2259106d) Importer(815301076,1909f56bfc062723c751e8b465ee728b)
Start importing Assets/Textures/RocketLauncher/rocket_normal.png using Guid(4734a1f1a023c5541af6e2ef2259106d) Importer(815301076,1909f56bfc062723c751e8b465ee728b)  -> (artifact id: 'af7ed5be6608516cefa69d0472aee74d') in 0.010384 seconds 
========================================================================
Received Import Request.
  Time since last request: 0.000232 seconds.
  path: Assets/Textures/RocketLauncher/rocket_metal-rocket_rough@channels=B.png
  artifactKey: Guid(426752774e1d75e44a9af3780fc8d49e) Importer(815301076,1909f56bfc062723c751e8b465ee728b)
Start importing Assets/Textures/RocketLauncher/rocket_metal-rocket_rough@channels=B.png using Guid(426752774e1d75e44a9af3780fc8d49e) Importer(815301076,1909f56bfc062723c751e8b465ee728b)  -> (artifact id: '856194df0a808e0af0f84842ed56b696') in 0.009693 seconds 
========================================================================
Received Import Request.
  Time since last request: 0.000194 seconds.
  path: Assets/Textures/RocketLauncher/rocket_color.png
  artifactKey: Guid(a0bc6dcde48d29946a2443fe0179f6cc) Importer(815301076,1909f56bfc062723c751e8b465ee728b)
Start importing Assets/Textures/RocketLauncher/rocket_color.png using Guid(a0bc6dcde48d29946a2443fe0179f6cc) Importer(815301076,1909f56bfc062723c751e8b465ee728b)  -> (artifact id: '4194299c85b73419fa6ccd45b03f2105') in 0.012061 seconds 
========================================================================
Received Import Request.
  Time since last request: 3.440131 seconds.
  path: Assets/Settings/ForwardRenderer.asset
  artifactKey: Guid(4a8e21d5c33334b11b34a596161b9360) Importer(815301076,1909f56bfc062723c751e8b465ee728b)
Start importing Assets/Settings/ForwardRenderer.asset using Guid(4a8e21d5c33334b11b34a596161b9360) Importer(815301076,1909f56bfc062723c751e8b465ee728b)  -> (artifact id: 'e769c04ee25825cb719f4150a084af94') in 0.007628 seconds 
========================================================================
Received Import Request.
  Time since last request: 0.000167 seconds.
  path: Assets/Settings/SampleSceneProfile.asset
  artifactKey: Guid(10fc4df2da32a41aaa32d77bc913491c) Importer(815301076,1909f56bfc062723c751e8b465ee728b)
Start importing Assets/Settings/SampleSceneProfile.asset using Guid(10fc4df2da32a41aaa32d77bc913491c) Importer(815301076,1909f56bfc062723c751e8b465ee728b)  -> (artifact id: '20a740689d800224905a3e38c6c84ed0') in 0.009756 seconds 
========================================================================
Received Import Request.
  Time since last request: 0.000287 seconds.
  path: Assets/Settings/UniversalRP-LowQuality.asset
  artifactKey: Guid(a31e9f9f9c9d4b9429ed0d1234e22103) Importer(815301076,1909f56bfc062723c751e8b465ee728b)
Start importing Assets/Settings/UniversalRP-LowQuality.asset using Guid(a31e9f9f9c9d4b9429ed0d1234e22103) Importer(815301076,1909f56bfc062723c751e8b465ee728b)  -> (artifact id: 'acef220b35b4efc739dcf9cdccab1251') in 0.006541 seconds 
========================================================================
Received Import Request.
  Time since last request: 0.000174 seconds.
  path: Assets/Settings/UniversalRP-MediumQuality.asset
  artifactKey: Guid(d847b876476d3d6468f5dfcd34266f96) Importer(815301076,1909f56bfc062723c751e8b465ee728b)
Start importing Assets/Settings/UniversalRP-MediumQuality.asset using Guid(d847b876476d3d6468f5dfcd34266f96) Importer(815301076,1909f56bfc062723c751e8b465ee728b)  -> (artifact id: 'c3b3a7dbcdeb9f89e022be6bae1ccd3d') in 0.006507 seconds 
========================================================================
Received Import Request.
  Time since last request: 0.000157 seconds.
  path: Assets/Settings/UniversalRP-HighQuality.asset
  artifactKey: Guid(19ba41d7c0026c3459d37c2fe90c55a0) Importer(815301076,1909f56bfc062723c751e8b465ee728b)
Start importing Assets/Settings/UniversalRP-HighQuality.asset using Guid(19ba41d7c0026c3459d37c2fe90c55a0) Importer(815301076,1909f56bfc062723c751e8b465ee728b)  -> (artifact id: '456fa96a760a30129d697d05cc55be4f') in 0.006213 seconds 
========================================================================
Received Import Request.
  Time since last request: 11.344401 seconds.
  path: Assets/Models/Weapons/Rocket Launcher.blend
  artifactKey: Guid(db5a58398880c244a8f9200378d25173) Importer(815301076,1909f56bfc062723c751e8b465ee728b)
Start importing Assets/Models/Weapons/Rocket Launcher.blend using Guid(db5a58398880c244a8f9200378d25173) Importer(815301076,1909f56bfc062723c751e8b465ee728b)  -> (artifact id: '4dc6d5dd07243fe21507f248794bf828') in 0.093189 seconds 
========================================================================
Received Import Request.
  Time since last request: 28.668040 seconds.
  path: Assets/Scenes/PlayGround.unity
  artifactKey: Guid(75eda5e3856a29f438f62ed04857fbf4) Importer(815301076,1909f56bfc062723c751e8b465ee728b)
Start importing Assets/Scenes/PlayGround.unity using Guid(75eda5e3856a29f438f62ed04857fbf4) Importer(815301076,1909f56bfc062723c751e8b465ee728b)  -> (artifact id: 'b844ed9f6483d6d2f243218c64de075b') in 0.005980 seconds 
========================================================================
Received Prepare
Registering precompiled user dll's ...
Registered in 0.003086 seconds.
Begin MonoManager ReloadAssembly
Native extension for WindowsStandalone target not found
Refreshing native plugins compatible for Editor in 0.56 ms, found 2 plugins.
Preloading 0 native plugins for Editor in 0.00 ms.
Warning: Annotation not found!
UnityEngine.StackTraceUtility:ExtractStackTrace ()
UnityEditor.ProBuilder.EditorUtility:SetGizmoIconEnabled (System.Type,bool) (at Library/PackageCache/com.unity.probuilder@5.0.3/Editor/EditorCore/EditorUtility.cs:575)
UnityEditor.ProBuilder.HierarchyListener:.cctor () (at Library/PackageCache/com.unity.probuilder@5.0.3/Editor/EditorCore/HierarchyListener.cs:21)
System.Runtime.CompilerServices.RuntimeHelpers:RunClassConstructor (System.RuntimeTypeHandle)
UnityEditor.EditorAssemblies:ProcessInitializeOnLoadAttributes (System.Type[])

[Library/PackageCache/com.unity.probuilder@5.0.3/Editor/EditorCore/EditorUtility.cs line 575]

Mono: successfully reloaded assembly
- Completed reload, in  1.226 seconds
Domain Reload Profiling:
	ReloadAssembly (1226ms)
		BeginReloadAssembly (135ms)
			ExecutionOrderSort (0ms)
			DisableScriptedObjects (7ms)
			BackupInstance (0ms)
			ReleaseScriptingObjects (0ms)
			CreateAndSetChildDomain (38ms)
		EndReloadAssembly (1027ms)
			LoadAssemblies (92ms)
			RebuildTransferFunctionScriptingTraits (0ms)
			SetupTypeCache (356ms)
			ReleaseScriptCaches (1ms)
			RebuildScriptCaches (47ms)
			SetupLoadedEditorAssemblies (363ms)
				LogAssemblyErrors (0ms)
				InitializePlatformSupportModulesInManaged (5ms)
				SetLoadedEditorAssemblies (0ms)
				RefreshPlugins (1ms)
				BeforeProcessingInitializeOnLoad (60ms)
				ProcessInitializeOnLoadAttributes (287ms)
				ProcessInitializeOnLoadMethodAttributes (6ms)
				AfterProcessingInitializeOnLoad (3ms)
				EditorAssembliesLoaded (0ms)
			ExecutionOrderSort2 (0ms)
			AwakeInstancesAfterBackupRestoration (25ms)
Platform modules already initialized, skipping
Refreshing native plugins compatible for Editor in 0.56 ms, found 2 plugins.
Preloading 0 native plugins for Editor in 0.00 ms.
Unloading 3078 Unused Serialized files (Serialized files now loaded: 0)
System memory in use before: 180.8 MB.
System memory in use after: 181.0 MB.

Unloading 19 unused Assets to reduce memory usage. Loaded Objects now: 4456.
Total: 3.463900 ms (FindLiveObjects: 0.306300 ms CreateObjectMapping: 0.081800 ms MarkObjects: 2.746100 ms  DeleteObjects: 0.328800 ms)

AssetImportParameters requested are different than current active one (requested -> active):
  custom:framework-win-MediaFoundation: 216162199b28c13a410421893ffa2e32 -> 
  custom:video-decoder-ogg-theora: a1e56fd34408186e4bbccfd4996cb3dc -> 
  custom:container-muxer-webm: aa71ff27fc2769a1b78a27578f13a17b -> 
  custom:container-demuxer-webm: 4f35f7cbe854078d1ac9338744f61a02 -> 
  custom:container-demuxer-ogg: 62fdf1f143b41e24485cea50d1cbac27 -> 
  custom:video-encoder-webm-vp8: eb34c28f22e8b96e1ab97ce403110664 -> 
  custom:video-decoder-webm-vp8: 9c59270c3fd7afecdb556c50c9e8de78 -> 
  custom:audio-decoder-ogg-vorbis: bf7c407c2cedff20999df2af8eb42d56 -> 
  custom:audio-encoder-webm-vorbis: bf7c407c2cedff20999df2af8eb42d56 -> 
AssetImportWorkerClient::OnTransportError - code=2 error=End of file
